%!Adobe-FontList 1.22
%Locale:0x409

%BeginFont
Handler:DirectoryHandler
FontType:Invalid
OutlineFileName:/Users/dacilmc/Downloads/Carpeta-Catalogo-SalonManga/Document fonts/AdobeFnt22.lst
FileLength:1155
FileModTime:692058905
%EndFont

%BeginFont
Handler:DirectoryHandler
FontType:Type1
FontName:BebasNeue-Regular
FamilyName:Bebas Neue
StyleName:Regular
MenuName:Bebas Neue
StyleBits:0
WeightClass:400
WidthClass:5
AngleClass:0
FullName:Bebas Neue Regular
WritingScript:Roman
OutlineFileName:/Users/dacilmc/Downloads/Carpeta-Catalogo-SalonManga/Document fonts/BebasNeue-Regular.otf
DataFormat:sfntData
UsesStandardEncoding:yes
isCFF:yes
hasSVG:no
VariableFontType:NonVariableFont
FileLength:42200
FileModTime:539564688
NameArray:0,Mac,4,Bebas Neue Regular
NameArray:0,Win,1,Bebas Neue
%EndFont

%BeginFont
Handler:DirectoryHandler
FontType:Type1
FontName:MinionPro-Regular
FamilyName:Minion Pro
StyleName:Regular
MenuName:Minion Pro
StyleBits:0
WeightClass:400
WidthClass:5
AngleClass:0
FullName:Minion Pro
WritingScript:Roman
OutlineFileName:/Users/dacilmc/Downloads/Carpeta-Catalogo-SalonManga/Document fonts/MinionPro-Regular.otf
DataFormat:sfntData
UsesStandardEncoding:yes
isCFF:yes
hasSVG:no
VariableFontType:NonVariableFont
FileLength:218640
FileModTime:443459828
DesignSize:110
NameArray:0,Mac,4,Minion Pro
NameArray:0,Win,1,Minion Pro
%EndFont

